[debug] [2024-04-04T09:22:00.248Z] ----------------------------------------------------------------------
[debug] [2024-04-04T09:22:00.251Z] Command:       C:\Program Files\nodejs\node.exe C:\Users\Intern-56\AppData\Roaming\npm\node_modules\firebase-tools\lib\bin\firebase.js deploy --only hosting
[debug] [2024-04-04T09:22:00.252Z] CLI Version:   13.6.1
[debug] [2024-04-04T09:22:00.255Z] Platform:      win32
[debug] [2024-04-04T09:22:00.255Z] Node Version:  v18.16.0
[debug] [2024-04-04T09:22:00.259Z] Time:          Thu Apr 04 2024 11:22:00 GMT+0200 (South Africa Standard Time)
[debug] [2024-04-04T09:22:00.259Z] ----------------------------------------------------------------------
[debug] 
[debug] [2024-04-04T09:22:00.435Z] > command requires scopes: ["email","openid","https://www.googleapis.com/auth/cloudplatformprojects.readonly","https://www.googleapis.com/auth/firebase","https://www.googleapis.com/auth/cloud-platform"]
[debug] [2024-04-04T09:22:00.438Z] > authorizing via signed-in user (kellermandaanyaal@gmail.com)
[debug] [2024-04-04T09:22:00.439Z] [iam] checking project vue-project-ab79f for permissions ["firebase.projects.get","firebasehosting.sites.update"]
[debug] [2024-04-04T09:22:00.444Z] >>> [apiv2][query] POST https://cloudresourcemanager.googleapis.com/v1/projects/vue-project-ab79f:testIamPermissions [none]
[debug] [2024-04-04T09:22:00.444Z] >>> [apiv2][(partial)header] POST https://cloudresourcemanager.googleapis.com/v1/projects/vue-project-ab79f:testIamPermissions x-goog-quota-user=projects/vue-project-ab79f
[debug] [2024-04-04T09:22:00.445Z] >>> [apiv2][body] POST https://cloudresourcemanager.googleapis.com/v1/projects/vue-project-ab79f:testIamPermissions {"permissions":["firebase.projects.get","firebasehosting.sites.update"]}
[debug] [2024-04-04T09:22:08.288Z] <<< [apiv2][status] POST https://cloudresourcemanager.googleapis.com/v1/projects/vue-project-ab79f:testIamPermissions 200
[debug] [2024-04-04T09:22:08.288Z] <<< [apiv2][body] POST https://cloudresourcemanager.googleapis.com/v1/projects/vue-project-ab79f:testIamPermissions {"permissions":["firebase.projects.get","firebasehosting.sites.update"]}
[debug] [2024-04-04T09:22:08.290Z] >>> [apiv2][query] GET https://firebase.googleapis.com/v1beta1/projects/vue-project-ab79f [none]
[debug] [2024-04-04T09:22:16.039Z] <<< [apiv2][status] GET https://firebase.googleapis.com/v1beta1/projects/vue-project-ab79f 200
[debug] [2024-04-04T09:22:16.040Z] <<< [apiv2][body] GET https://firebase.googleapis.com/v1beta1/projects/vue-project-ab79f {"projectId":"vue-project-ab79f","projectNumber":"536034374216","displayName":"vue-project","name":"projects/vue-project-ab79f","resources":{"hostingSite":"vue-project-ab79f"},"state":"ACTIVE","etag":"1_f6fc518a-1360-47ae-a243-43f5ebbe9b0a"}
[info] 
[info] === Deploying to 'vue-project-ab79f'...
[info] 
[info] i  deploying hosting 
[debug] [2024-04-04T09:22:16.052Z] >>> [apiv2][query] POST https://firebasehosting.googleapis.com/v1beta1/projects/-/sites/vue-project-ab79f/versions [none]
[debug] [2024-04-04T09:22:16.053Z] >>> [apiv2][body] POST https://firebasehosting.googleapis.com/v1beta1/projects/-/sites/vue-project-ab79f/versions {"status":"CREATED","labels":{"deployment-tool":"cli-firebase"}}
[debug] [2024-04-04T09:22:26.890Z] <<< [apiv2][status] POST https://firebasehosting.googleapis.com/v1beta1/projects/-/sites/vue-project-ab79f/versions 200
[debug] [2024-04-04T09:22:26.891Z] <<< [apiv2][body] POST https://firebasehosting.googleapis.com/v1beta1/projects/-/sites/vue-project-ab79f/versions {"name":"projects/536034374216/sites/vue-project-ab79f/versions/a28c3d7e54cf4b02","status":"CREATED","config":{},"labels":{"deployment-tool":"cli-firebase"}}
[info] i  hosting[vue-project-ab79f]: beginning deploy... 
[info] i  hosting[vue-project-ab79f]: found 43 files in dist 
[debug] [2024-04-04T09:22:26.947Z] [hosting] uploading with 200 concurrency
[debug] [2024-04-04T09:22:27.544Z] [hosting] hash cache [ZGlzdA] stored for 43 files
[debug] [2024-04-04T09:22:27.549Z] [hosting][hash queue][FINAL] {"max":511,"min":205,"avg":255.95348837209303,"active":0,"complete":43,"success":43,"errored":0,"retried":0,"total":43,"elapsed":591}
[debug] [2024-04-04T09:22:27.550Z] >>> [apiv2][query] POST https://firebasehosting.googleapis.com/v1beta1/projects/536034374216/sites/vue-project-ab79f/versions/a28c3d7e54cf4b02:populateFiles [none]
[debug] [2024-04-04T09:22:27.550Z] >>> [apiv2][body] POST https://firebasehosting.googleapis.com/v1beta1/projects/536034374216/sites/vue-project-ab79f/versions/a28c3d7e54cf4b02:populateFiles {"files":{"/favicon.ico":"d5451f0f0f0bcbcd433bbdf4f6e7e5d89d8ecce2650649e969ccb5e5cd499ab2","/index.html":"f792c75afa4b8878582a4f3d30af214cab3eb97773b96fcc4d375cfb495bf44e","/manifest.json":"3d3f8b6e7223e333457539c16f0e37e6856fc928a3f91a11fe9e875e0c3f3344","/robots.txt":"21f6197d2193a02223a81d0a86ae9acf83d8f1b53591ace9334892287487c207","/service-worker.js":"f43437066d2e32da8e7708933f96cd8d6645adb1a7294b15965181374a68afe4","/service-worker.js.map":"2a4780058f9a33fc5fb1065e62aba5bc8aa09244b0e52f3e1b1880e8a96a0bc3","/workbox-6567b62a.js":"ba393521b9185e6754bcd39fc46e0db819945e9e954e1ccda49ccdd164c71d3e","/css/443.a43516d0.css":"abec667630db747e7337effee7d522e0fb3a1db487450f34082cd1ab88609144","/css/634.e44fe764.css":"1507188e5a3858feec1664ca55a152cac4c407edd6706a74504292992fe3b33c","/css/646.39b86f53.css":"f9cd9ae25b97d76083a590cdb6782095b32de24e3856a83b2fbf01966647acfd","/css/772.1bb24de6.css":"1fe60a5af2533dcf8d7ebce21c80eb84c0721bf5b582a7db72007227c4781b3d","/css/991.42b99164.css":"135b078830cc641694360f45ce3d0e55d90f3ff0e0f6cd2849bb8018e2fcb329","/css/app.e0bf5974.css":"20eab6da71aa94f017bb301e4df4e73517780f35bcd50ec39483e8a951bd8147","/img/icons/android-chrome-192x192.png":"1601e903dd5b96e7c51bdee83280c7e8b892853c060a6a5678149b4f610ba735","/img/icons/android-chrome-maskable-192x192.png":"76fc6664d1279c54fe7dcd7fa9e0fa75b15701705f42e0d88f0f28f1352136c2","/img/icons/apple-touch-icon-120x120.png":"a2b303962234b7b42b405855d47d9a22125ec3835aa8beaa93993a48f20324da","/img/icons/apple-touch-icon-152x152.png":"e04c47d9eb83b7310e18c61b9a531a332bc3131e59569c98ba07558c496b3d33","/img/icons/apple-touch-icon-180x180.png":"8d722cc9bea5f346f0c3f7f9686fe2803bda1f4996aafe816e8d1f47fe374eb6","/img/icons/apple-touch-icon-60x60.png":"761604748c0c0d3d231e2747ed07b1495d89cda574952633ee29cff7b31396a0","/img/icons/apple-touch-icon-76x76.png":"3e6243fc37a9487794d6505c204d7bb4786e951e1fb9e47b1d19e246927c3bbe","/img/icons/apple-touch-icon.png":"cca573c20d4737f0a01bf331344e0615f84d08af1b5f79b1fb0672db8a9029f8","/img/icons/favicon-16x16.png":"b12d84a1fdd892ea42334cc7b237580def4eca259f32f35e61cfb17436fb0b91","/img/icons/favicon-32x32.png":"09ce0ae6c14174313689c48296aa7d496bfc7487cb380684782338c1344ac259","/img/icons/msapplication-icon-144x144.png":"053f2a18f911c8e69d830d8313e5cb959736fe7ddbaba4aff3cd9c0a2b2f4c3c","/img/icons/mstile-150x150.png":"31d5a5aa6e6b4e0e49ea49360e2aeb05c9c49b7597feb63ec58d674960d928b5","/img/icons/safari-pinned-tab.svg":"2ee7e79bfd327563ef66eaf3eefe0b76c2ab98574416c647dc5160d6a3615a40","/js/443.2330d81f.js":"85bf0ab156d77e14bf2c6356c90166f277d0c9709d0e8cf00c9529a83578c865","/js/443.2330d81f.js.map":"45f62484027fd30630e305944f913b4381cd2a492c7e85a8e3fd63c8b2d0ee2b","/js/634.460b1042.js":"9e4f46ef66b964e0f9ade70a386bde74b2c7669bf64b2777ce6b08a289d1603e","/js/634.460b1042.js.map":"d792950d825b56ce0195d20b81289ef8027283cdac9e4f49b989c418c85890b0","/js/646.921ca9f0.js":"de8f8a5e98c573ba6d0fc8d43cbc2e4d373fe0eea10cfd7b1888a0c1ab37e240","/js/646.921ca9f0.js.map":"385b16952c644a28b05adc8b1400e5c84e27cb5ed4f98d2561a5a4f6fd6dfcfb","/js/772.498b54f6.js":"c681022131b44c5323e16d3f877c13d84edc9230f37a4161989c6020d54f64de","/js/772.498b54f6.js.map":"9396734216e2c3e1e86b19a1dc50eb6ddfebe987f7bfbe55fb9c353e5b3f6d60","/js/991.5af94316.js":"818c66daee903f5dba8765c07c732ce7b320bf154d670db34ee23e694c602988","/js/991.5af94316.js.map":"af075b22eca057e3a2c40fe53b08fb0f5ca1fe8e963cbd4e6d939d49a008c957","/js/app.e38cca8d.js":"2f0762d2bdcabc41d624959a58517ed590f0b4d45f01ed430d0595b95e73e032","/js/app.e38cca8d.js.map":"0489c23593f8ea93679edc7f2320191fedd677121a279251f24d56e7ee9b0ec6","/img/icons/android-chrome-512x512.png":"863d4e6c2a82e9e206ec585699d392b8979403d79a6da7db1789b893bfcbbd4b","/img/icons/android-chrome-maskable-512x512.png":"8617f715fd1581c7adf3d90e457f2b52d99a7383846820ea0faf31395f37155c","/workbox-6567b62a.js.map":"7b023a5db26ffa07bb2efd101d16338b1f647a06556b305ea7f27dbe260a64ab","/js/chunk-vendors.013c7c70.js":"5d73bf78cfbdab10959d2cc71e2e44adcbab7d22b03f8a1a91a9761519f706ba","/js/chunk-vendors.013c7c70.js.map":"2aa0bbbbb90c0ab7db7550519541e16266e11c36f24bac6cd95cc9a4d4788907"}}
[debug] [2024-04-04T09:22:33.429Z] <<< [apiv2][status] POST https://firebasehosting.googleapis.com/v1beta1/projects/536034374216/sites/vue-project-ab79f/versions/a28c3d7e54cf4b02:populateFiles 200
[debug] [2024-04-04T09:22:33.429Z] <<< [apiv2][body] POST https://firebasehosting.googleapis.com/v1beta1/projects/536034374216/sites/vue-project-ab79f/versions/a28c3d7e54cf4b02:populateFiles {"uploadRequiredHashes":["f792c75afa4b8878582a4f3d30af214cab3eb97773b96fcc4d375cfb495bf44e","2a4780058f9a33fc5fb1065e62aba5bc8aa09244b0e52f3e1b1880e8a96a0bc3","85bf0ab156d77e14bf2c6356c90166f277d0c9709d0e8cf00c9529a83578c865","f43437066d2e32da8e7708933f96cd8d6645adb1a7294b15965181374a68afe4","45f62484027fd30630e305944f913b4381cd2a492c7e85a8e3fd63c8b2d0ee2b","abec667630db747e7337effee7d522e0fb3a1db487450f34082cd1ab88609144","2f0762d2bdcabc41d624959a58517ed590f0b4d45f01ed430d0595b95e73e032","0489c23593f8ea93679edc7f2320191fedd677121a279251f24d56e7ee9b0ec6"],"uploadUrl":"https://upload-firebasehosting.googleapis.com/upload/sites/vue-project-ab79f/versions/a28c3d7e54cf4b02/files"}
[debug] [2024-04-04T09:22:33.432Z] >>> [apiv2][query] POST https://upload-firebasehosting.googleapis.com/upload/sites/vue-project-ab79f/versions/a28c3d7e54cf4b02/files/f792c75afa4b8878582a4f3d30af214cab3eb97773b96fcc4d375cfb495bf44e [none]
[debug] [2024-04-04T09:22:33.432Z] >>> [apiv2][body] POST https://upload-firebasehosting.googleapis.com/upload/sites/vue-project-ab79f/versions/a28c3d7e54cf4b02/files/f792c75afa4b8878582a4f3d30af214cab3eb97773b96fcc4d375cfb495bf44e [stream]
[debug] [2024-04-04T09:22:33.436Z] >>> [apiv2][query] POST https://upload-firebasehosting.googleapis.com/upload/sites/vue-project-ab79f/versions/a28c3d7e54cf4b02/files/2a4780058f9a33fc5fb1065e62aba5bc8aa09244b0e52f3e1b1880e8a96a0bc3 [none]
[debug] [2024-04-04T09:22:33.437Z] >>> [apiv2][body] POST https://upload-firebasehosting.googleapis.com/upload/sites/vue-project-ab79f/versions/a28c3d7e54cf4b02/files/2a4780058f9a33fc5fb1065e62aba5bc8aa09244b0e52f3e1b1880e8a96a0bc3 [stream]
[debug] [2024-04-04T09:22:33.439Z] >>> [apiv2][query] POST https://upload-firebasehosting.googleapis.com/upload/sites/vue-project-ab79f/versions/a28c3d7e54cf4b02/files/85bf0ab156d77e14bf2c6356c90166f277d0c9709d0e8cf00c9529a83578c865 [none]
[debug] [2024-04-04T09:22:33.439Z] >>> [apiv2][body] POST https://upload-firebasehosting.googleapis.com/upload/sites/vue-project-ab79f/versions/a28c3d7e54cf4b02/files/85bf0ab156d77e14bf2c6356c90166f277d0c9709d0e8cf00c9529a83578c865 [stream]
[debug] [2024-04-04T09:22:33.441Z] >>> [apiv2][query] POST https://upload-firebasehosting.googleapis.com/upload/sites/vue-project-ab79f/versions/a28c3d7e54cf4b02/files/f43437066d2e32da8e7708933f96cd8d6645adb1a7294b15965181374a68afe4 [none]
[debug] [2024-04-04T09:22:33.441Z] >>> [apiv2][body] POST https://upload-firebasehosting.googleapis.com/upload/sites/vue-project-ab79f/versions/a28c3d7e54cf4b02/files/f43437066d2e32da8e7708933f96cd8d6645adb1a7294b15965181374a68afe4 [stream]
[debug] [2024-04-04T09:22:33.443Z] >>> [apiv2][query] POST https://upload-firebasehosting.googleapis.com/upload/sites/vue-project-ab79f/versions/a28c3d7e54cf4b02/files/45f62484027fd30630e305944f913b4381cd2a492c7e85a8e3fd63c8b2d0ee2b [none]
[debug] [2024-04-04T09:22:33.444Z] >>> [apiv2][body] POST https://upload-firebasehosting.googleapis.com/upload/sites/vue-project-ab79f/versions/a28c3d7e54cf4b02/files/45f62484027fd30630e305944f913b4381cd2a492c7e85a8e3fd63c8b2d0ee2b [stream]
[debug] [2024-04-04T09:22:33.445Z] >>> [apiv2][query] POST https://upload-firebasehosting.googleapis.com/upload/sites/vue-project-ab79f/versions/a28c3d7e54cf4b02/files/abec667630db747e7337effee7d522e0fb3a1db487450f34082cd1ab88609144 [none]
[debug] [2024-04-04T09:22:33.446Z] >>> [apiv2][body] POST https://upload-firebasehosting.googleapis.com/upload/sites/vue-project-ab79f/versions/a28c3d7e54cf4b02/files/abec667630db747e7337effee7d522e0fb3a1db487450f34082cd1ab88609144 [stream]
[debug] [2024-04-04T09:22:33.447Z] >>> [apiv2][query] POST https://upload-firebasehosting.googleapis.com/upload/sites/vue-project-ab79f/versions/a28c3d7e54cf4b02/files/2f0762d2bdcabc41d624959a58517ed590f0b4d45f01ed430d0595b95e73e032 [none]
[debug] [2024-04-04T09:22:33.448Z] >>> [apiv2][body] POST https://upload-firebasehosting.googleapis.com/upload/sites/vue-project-ab79f/versions/a28c3d7e54cf4b02/files/2f0762d2bdcabc41d624959a58517ed590f0b4d45f01ed430d0595b95e73e032 [stream]
[debug] [2024-04-04T09:22:33.449Z] >>> [apiv2][query] POST https://upload-firebasehosting.googleapis.com/upload/sites/vue-project-ab79f/versions/a28c3d7e54cf4b02/files/0489c23593f8ea93679edc7f2320191fedd677121a279251f24d56e7ee9b0ec6 [none]
[debug] [2024-04-04T09:22:33.449Z] >>> [apiv2][body] POST https://upload-firebasehosting.googleapis.com/upload/sites/vue-project-ab79f/versions/a28c3d7e54cf4b02/files/0489c23593f8ea93679edc7f2320191fedd677121a279251f24d56e7ee9b0ec6 [stream]
[debug] [2024-04-04T09:22:33.453Z] [hosting][populate queue][FINAL] {"max":5892,"min":5892,"avg":5892,"active":0,"complete":1,"success":1,"errored":0,"retried":0,"total":1,"elapsed":5914}
[debug] [2024-04-04T09:22:33.453Z] [hosting] uploads queued: 8
[debug] [2024-04-04T09:22:41.555Z] <<< [apiv2][status] POST https://upload-firebasehosting.googleapis.com/upload/sites/vue-project-ab79f/versions/a28c3d7e54cf4b02/files/45f62484027fd30630e305944f913b4381cd2a492c7e85a8e3fd63c8b2d0ee2b 200
[debug] [2024-04-04T09:22:41.555Z] <<< [apiv2][body] POST https://upload-firebasehosting.googleapis.com/upload/sites/vue-project-ab79f/versions/a28c3d7e54cf4b02/files/45f62484027fd30630e305944f913b4381cd2a492c7e85a8e3fd63c8b2d0ee2b [stream]
[debug] [2024-04-04T09:22:41.902Z] <<< [apiv2][status] POST https://upload-firebasehosting.googleapis.com/upload/sites/vue-project-ab79f/versions/a28c3d7e54cf4b02/files/abec667630db747e7337effee7d522e0fb3a1db487450f34082cd1ab88609144 200
[debug] [2024-04-04T09:22:41.902Z] <<< [apiv2][body] POST https://upload-firebasehosting.googleapis.com/upload/sites/vue-project-ab79f/versions/a28c3d7e54cf4b02/files/abec667630db747e7337effee7d522e0fb3a1db487450f34082cd1ab88609144 [stream]
[debug] [2024-04-04T09:22:42.529Z] <<< [apiv2][status] POST https://upload-firebasehosting.googleapis.com/upload/sites/vue-project-ab79f/versions/a28c3d7e54cf4b02/files/85bf0ab156d77e14bf2c6356c90166f277d0c9709d0e8cf00c9529a83578c865 200
[debug] [2024-04-04T09:22:42.529Z] <<< [apiv2][body] POST https://upload-firebasehosting.googleapis.com/upload/sites/vue-project-ab79f/versions/a28c3d7e54cf4b02/files/85bf0ab156d77e14bf2c6356c90166f277d0c9709d0e8cf00c9529a83578c865 [stream]
[debug] [2024-04-04T09:22:42.628Z] <<< [apiv2][status] POST https://upload-firebasehosting.googleapis.com/upload/sites/vue-project-ab79f/versions/a28c3d7e54cf4b02/files/f792c75afa4b8878582a4f3d30af214cab3eb97773b96fcc4d375cfb495bf44e 200
[debug] [2024-04-04T09:22:42.629Z] <<< [apiv2][body] POST https://upload-firebasehosting.googleapis.com/upload/sites/vue-project-ab79f/versions/a28c3d7e54cf4b02/files/f792c75afa4b8878582a4f3d30af214cab3eb97773b96fcc4d375cfb495bf44e [stream]
[debug] [2024-04-04T09:22:42.692Z] <<< [apiv2][status] POST https://upload-firebasehosting.googleapis.com/upload/sites/vue-project-ab79f/versions/a28c3d7e54cf4b02/files/2a4780058f9a33fc5fb1065e62aba5bc8aa09244b0e52f3e1b1880e8a96a0bc3 200
[debug] [2024-04-04T09:22:42.692Z] <<< [apiv2][body] POST https://upload-firebasehosting.googleapis.com/upload/sites/vue-project-ab79f/versions/a28c3d7e54cf4b02/files/2a4780058f9a33fc5fb1065e62aba5bc8aa09244b0e52f3e1b1880e8a96a0bc3 [stream]
[debug] [2024-04-04T09:22:43.120Z] <<< [apiv2][status] POST https://upload-firebasehosting.googleapis.com/upload/sites/vue-project-ab79f/versions/a28c3d7e54cf4b02/files/f43437066d2e32da8e7708933f96cd8d6645adb1a7294b15965181374a68afe4 200
[debug] [2024-04-04T09:22:43.120Z] <<< [apiv2][body] POST https://upload-firebasehosting.googleapis.com/upload/sites/vue-project-ab79f/versions/a28c3d7e54cf4b02/files/f43437066d2e32da8e7708933f96cd8d6645adb1a7294b15965181374a68afe4 [stream]
[debug] [2024-04-04T09:22:43.924Z] <<< [apiv2][status] POST https://upload-firebasehosting.googleapis.com/upload/sites/vue-project-ab79f/versions/a28c3d7e54cf4b02/files/2f0762d2bdcabc41d624959a58517ed590f0b4d45f01ed430d0595b95e73e032 200
[debug] [2024-04-04T09:22:43.924Z] <<< [apiv2][body] POST https://upload-firebasehosting.googleapis.com/upload/sites/vue-project-ab79f/versions/a28c3d7e54cf4b02/files/2f0762d2bdcabc41d624959a58517ed590f0b4d45f01ed430d0595b95e73e032 [stream]
[debug] [2024-04-04T09:22:46.239Z] <<< [apiv2][status] POST https://upload-firebasehosting.googleapis.com/upload/sites/vue-project-ab79f/versions/a28c3d7e54cf4b02/files/0489c23593f8ea93679edc7f2320191fedd677121a279251f24d56e7ee9b0ec6 200
[debug] [2024-04-04T09:22:46.239Z] <<< [apiv2][body] POST https://upload-firebasehosting.googleapis.com/upload/sites/vue-project-ab79f/versions/a28c3d7e54cf4b02/files/0489c23593f8ea93679edc7f2320191fedd677121a279251f24d56e7ee9b0ec6 [stream]
[debug] [2024-04-04T09:22:46.240Z] [hosting][upload queue][FINAL] {"max":12808,"min":8125,"avg":9643.25,"active":0,"complete":8,"success":8,"errored":0,"retried":0,"total":8,"elapsed":12810}
[info] +  hosting[vue-project-ab79f]: file upload complete 
[debug] [2024-04-04T09:22:46.242Z] [hosting] deploy completed after 19347ms
[debug] [2024-04-04T09:22:46.242Z] [
  {
    "config": {
      "public": "dist",
      "ignore": [
        "firebase.json",
        "**/.*",
        "**/node_modules/**"
      ],
      "rewrites": [
        {
          "source": "**",
          "destination": "/index.html"
        }
      ],
      "site": "vue-project-ab79f"
    },
    "version": "projects/536034374216/sites/vue-project-ab79f/versions/a28c3d7e54cf4b02"
  }
]
[info] i  hosting[vue-project-ab79f]: finalizing version... 
[debug] [2024-04-04T09:22:46.247Z] >>> [apiv2][query] PATCH https://firebasehosting.googleapis.com/v1beta1/projects/-/sites/vue-project-ab79f/versions/a28c3d7e54cf4b02 updateMask=status%2Cconfig
[debug] [2024-04-04T09:22:46.247Z] >>> [apiv2][body] PATCH https://firebasehosting.googleapis.com/v1beta1/projects/-/sites/vue-project-ab79f/versions/a28c3d7e54cf4b02 {"status":"FINALIZED","config":{"rewrites":[{"glob":"**","path":"/index.html"}]}}
[debug] [2024-04-04T09:22:53.412Z] <<< [apiv2][status] PATCH https://firebasehosting.googleapis.com/v1beta1/projects/-/sites/vue-project-ab79f/versions/a28c3d7e54cf4b02 200
[debug] [2024-04-04T09:22:53.413Z] <<< [apiv2][body] PATCH https://firebasehosting.googleapis.com/v1beta1/projects/-/sites/vue-project-ab79f/versions/a28c3d7e54cf4b02 {"name":"projects/536034374216/sites/vue-project-ab79f/versions/a28c3d7e54cf4b02","status":"FINALIZED","config":{"rewrites":[{"glob":"**","path":"/index.html"}]},"labels":{"deployment-tool":"cli-firebase"},"createTime":"2024-04-04T09:22:27.179394Z","createUser":{"email":"kellermandaanyaal@gmail.com"},"finalizeTime":"2024-04-04T09:22:53.835609Z","finalizeUser":{"email":"kellermandaanyaal@gmail.com"}}
[debug] [2024-04-04T09:22:53.413Z] [hosting] finalized version for vue-project-ab79f:[object Object]
[info] +  hosting[vue-project-ab79f]: version finalized 
[info] i  hosting[vue-project-ab79f]: releasing new version... 
[debug] [2024-04-04T09:22:53.416Z] >>> [apiv2][query] POST https://firebasehosting.googleapis.com/v1beta1/projects/-/sites/vue-project-ab79f/channels/live/releases versionName=projects%2F536034374216%2Fsites%2Fvue-project-ab79f%2Fversions%2Fa28c3d7e54cf4b02
[debug] [2024-04-04T09:22:53.416Z] >>> [apiv2][body] POST https://firebasehosting.googleapis.com/v1beta1/projects/-/sites/vue-project-ab79f/channels/live/releases {}
[debug] [2024-04-04T09:23:03.188Z] <<< [apiv2][status] POST https://firebasehosting.googleapis.com/v1beta1/projects/-/sites/vue-project-ab79f/channels/live/releases 200
[debug] [2024-04-04T09:23:03.189Z] <<< [apiv2][body] POST https://firebasehosting.googleapis.com/v1beta1/projects/-/sites/vue-project-ab79f/channels/live/releases {"name":"projects/536034374216/sites/vue-project-ab79f/channels/live/releases/1712222583108000","version":{"name":"projects/536034374216/sites/vue-project-ab79f/versions/a28c3d7e54cf4b02","status":"FINALIZED","config":{"rewrites":[{"glob":"**","path":"/index.html"}]},"labels":{"deployment-tool":"cli-firebase"},"createTime":"2024-04-04T09:22:27.179394Z","createUser":{"email":"kellermandaanyaal@gmail.com","imageUrl":"https://lh3.googleusercontent.com/a/ACg8ocISJjKSEtuYAkOTuxYQeZWZ5zZVvPMVzEkS7CRBG1tV=mo"},"finalizeTime":"2024-04-04T09:22:53.835609Z","finalizeUser":{"email":"kellermandaanyaal@gmail.com","imageUrl":"https://lh3.googleusercontent.com/a/ACg8ocISJjKSEtuYAkOTuxYQeZWZ5zZVvPMVzEkS7CRBG1tV=mo"}},"type":"DEPLOY","releaseTime":"2024-04-04T09:23:03.108Z","releaseUser":{"email":"kellermandaanyaal@gmail.com","imageUrl":"https://lh3.googleusercontent.com/a/ACg8ocISJjKSEtuYAkOTuxYQeZWZ5zZVvPMVzEkS7CRBG1tV=mo"}}
[debug] [2024-04-04T09:23:03.189Z] [hosting] release: {"name":"projects/536034374216/sites/vue-project-ab79f/channels/live/releases/1712222583108000","version":{"name":"projects/536034374216/sites/vue-project-ab79f/versions/a28c3d7e54cf4b02","status":"FINALIZED","config":{"rewrites":[{"glob":"**","path":"/index.html"}]},"labels":{"deployment-tool":"cli-firebase"},"createTime":"2024-04-04T09:22:27.179394Z","createUser":{"email":"kellermandaanyaal@gmail.com","imageUrl":"https://lh3.googleusercontent.com/a/ACg8ocISJjKSEtuYAkOTuxYQeZWZ5zZVvPMVzEkS7CRBG1tV=mo"},"finalizeTime":"2024-04-04T09:22:53.835609Z","finalizeUser":{"email":"kellermandaanyaal@gmail.com","imageUrl":"https://lh3.googleusercontent.com/a/ACg8ocISJjKSEtuYAkOTuxYQeZWZ5zZVvPMVzEkS7CRBG1tV=mo"}},"type":"DEPLOY","releaseTime":"2024-04-04T09:23:03.108Z","releaseUser":{"email":"kellermandaanyaal@gmail.com","imageUrl":"https://lh3.googleusercontent.com/a/ACg8ocISJjKSEtuYAkOTuxYQeZWZ5zZVvPMVzEkS7CRBG1tV=mo"}}
[info] +  hosting[vue-project-ab79f]: release complete 
[info] 
[info] +  Deploy complete! 
[info] 
[info] Project Console: https://console.firebase.google.com/project/vue-project-ab79f/overview
[info] Hosting URL: https://vue-project-ab79f.web.app
[debug] [2024-04-04T09:23:25.192Z] Error: Timed out.
    at Timeout._onTimeout (C:\Users\Intern-56\AppData\Roaming\npm\node_modules\firebase-tools\lib\utils.js:258:49)
    at listOnTimeout (node:internal/timers:569:17)
    at process.processTimers (node:internal/timers:512:7)
[error] 
[error] Error: An unexpected error has occurred.
